

TimeCreated      : 10/7/2026 10:17:34 AM
ProviderName     : OnlineBackupAgent
Id               : 0
LevelDisplayName : Information
Message          : Service started successfully.

TimeCreated      : 10/7/2026 10:16:34 AM
ProviderName     : Application Error
Id               : 1000
LevelDisplayName : Error
Message          : Faulting application name: OnlineBackup.Client.exe, version: 0.1.26.0, time stamp: 0xac187e70
                   Faulting module name: KERNELBASE.dll, version: 10.0.26100.33438, time stamp: 0xace796d3
                   Exception code: 0xe0434352
                   Fault offset: 0x00000000000c75fa
                   Faulting process id: 0x1ED4
                   Faulting application start time: 0x1DD5644EE205F1C
                   Faulting application path: C:\Program Files\ITSguard Server Online\OnlineBackup.Client.exe
                   Faulting module path: C:\Windows\System32\KERNELBASE.dll
                   Report Id: 4202c22a-9e68-4684-b976-0791a305966e
                   Faulting package full name: 
                   Faulting package-relative application ID: 

TimeCreated      : 10/7/2026 10:16:34 AM
ProviderName     : .NET Runtime
Id               : 1026
LevelDisplayName : Error
Message          : Application: OnlineBackup.Client.exe
                   Framework Version: v4.0.30319
                   Description: The process was terminated due to an unhandled exception.
                   Exception Info: System.IO.FileNotFoundException
                      at OnlineBackup.ClientApp.Program.Main(System.String[])
                   
                   

TimeCreated      : 10/7/2026 10:14:51 AM
ProviderName     : VSS
Id               : 8224
LevelDisplayName : Information
Message          : The VSS service is shutting down due to idle timeout. 

TimeCreated      : 10/7/2026 10:13:59 AM
ProviderName     : Application Error
Id               : 1000
LevelDisplayName : Error
Message          : Faulting application name: OnlineBackup.Client.exe, version: 0.1.26.0, time stamp: 0xac187e70
                   Faulting module name: KERNELBASE.dll, version: 10.0.26100.33438, time stamp: 0xace796d3
                   Exception code: 0xe0434352
                   Fault offset: 0x00000000000c75fa
                   Faulting process id: 0x9D4
                   Faulting application start time: 0x1DD56449169E8DF
                   Faulting application path: C:\Program Files\ITSguard Server Online\OnlineBackup.Client.exe
                   Faulting module path: C:\Windows\System32\KERNELBASE.dll
                   Report Id: 9d05d4db-7a61-4d10-ae41-1013b65e2b1b
                   Faulting package full name: 
                   Faulting package-relative application ID: 

TimeCreated      : 10/7/2026 10:13:58 AM
ProviderName     : .NET Runtime
Id               : 1026
LevelDisplayName : Error
Message          : Application: OnlineBackup.Client.exe
                   Framework Version: v4.0.30319
                   Description: The process was terminated due to an unhandled exception.
                   Exception Info: System.IO.FileNotFoundException
                      at OnlineBackup.ClientApp.Program.Main(System.String[])
                   
                   

TimeCreated      : 10/7/2026 10:13:47 AM
ProviderName     : OnlineBackupAgent
Id               : 0
LevelDisplayName : Information
Message          : Service stopped successfully.

TimeCreated      : 10/7/2026 10:05:07 AM
ProviderName     : VSS
Id               : 8225
LevelDisplayName : Information
Message          : The VSS service is shutting down due to shutdown event from the Service Control Manager. 

TimeCreated      : 10/7/2026 10:02:53 AM
ProviderName     : OnlineBackupServer
Id               : 0
LevelDisplayName : Information
Message          : Service started successfully.

TimeCreated      : 10/7/2026 10:00:16 AM
ProviderName     : OnlineBackupAgent
Id               : 0
LevelDisplayName : Information
Message          : QA files: the previous backup was interrupted — reported

TimeCreated      : 10/7/2026 10:00:15 AM
ProviderName     : OnlineBackupAgent
Id               : 0
LevelDisplayName : Information
Message          : Service started successfully.

TimeCreated      : 10/7/2026 9:58:43 AM
ProviderName     : VSS
Id               : 8224
LevelDisplayName : Information
Message          : The VSS service is shutting down due to idle timeout. 

TimeCreated      : 10/7/2026 9:54:35 AM
ProviderName     : OnlineBackupAgent
Id               : 0
LevelDisplayName : Information
Message          : Service stopped successfully.

TimeCreated      : 10/7/2026 9:52:59 AM
ProviderName     : OnlineBackupAgent
Id               : 0
LevelDisplayName : Information
Message          : QA files: the previous backup was interrupted — reported

TimeCreated      : 10/7/2026 9:52:59 AM
ProviderName     : OnlineBackupAgent
Id               : 0
LevelDisplayName : Information
Message          : Service started successfully.

TimeCreated      : 10/7/2026 9:50:30 AM
ProviderName     : OnlineBackupAgent
Id               : 0
LevelDisplayName : Information
Message          : QA files restore test: 5/5

TimeCreated      : 10/7/2026 9:50:30 AM
ProviderName     : OnlineBackupAgent
Id               : 0
LevelDisplayName : Information
Message          : Service started successfully.

TimeCreated      : 10/7/2026 9:50:30 AM
ProviderName     : OnlineBackupAgent
Id               : 0
LevelDisplayName : Information
Message          : Service stopped successfully.

TimeCreated      : 10/7/2026 9:48:36 AM
ProviderName     : OnlineBackupAgent
Id               : 0
LevelDisplayName : Information
Message          : Service started successfully.

TimeCreated      : 10/7/2026 9:48:36 AM
ProviderName     : OnlineBackupAgent
Id               : 0
LevelDisplayName : Information
Message          : waiting: This computer is not registered with a backup server.

TimeCreated      : 10/7/2026 9:48:09 AM
ProviderName     : OnlineBackupServer
Id               : 0
LevelDisplayName : Information
Message          : Service started successfully.

TimeCreated      : 10/7/2026 9:48:09 AM
ProviderName     : OnlineBackupServer
Id               : 0
LevelDisplayName : Information
Message          : Service stopped successfully.

TimeCreated      : 10/7/2026 9:48:08 AM
ProviderName     : OnlineBackupServer
Id               : 0
LevelDisplayName : Information
Message          : Service started successfully.



