

TimeCreated      : 10/7/2026 4:48:26 PM
ProviderName     : VSS
Id               : 8224
LevelDisplayName : Information
Message          : The VSS service is shutting down due to idle timeout. 

TimeCreated      : 10/7/2026 4:45:53 PM
ProviderName     : OnlineBackupAgent
Id               : 0
LevelDisplayName : Information
Message          : Service started successfully.

TimeCreated      : 10/7/2026 4:45:53 PM
ProviderName     : OnlineBackupAgent
Id               : 0
LevelDisplayName : Information
Message          : Service stopped successfully.

TimeCreated      : 10/7/2026 4:45:52 PM
ProviderName     : OnlineBackupAgent
Id               : 0
LevelDisplayName : Information
Message          : update 0.1.31 → 0.2.31: OnlineBackup.Agent.exe, OnlineBackup.Client.exe, OnlineBackup.Core.dll, 
                   version.txt

TimeCreated      : 10/7/2026 4:45:51 PM
ProviderName     : OnlineBackupAgent
Id               : 0
LevelDisplayName : Information
Message          : Service started successfully.

TimeCreated      : 10/7/2026 4:45:37 PM
ProviderName     : OnlineBackupAgent
Id               : 0
LevelDisplayName : Information
Message          : Service stopped successfully.

TimeCreated      : 10/7/2026 4:42:31 PM
ProviderName     : VSS
Id               : 8224
LevelDisplayName : Information
Message          : The VSS service is shutting down due to idle timeout. 

TimeCreated      : 10/7/2026 4:39:54 PM
ProviderName     : OnlineBackupAgent
Id               : 0
LevelDisplayName : Information
Message          : Service started successfully.

TimeCreated      : 10/7/2026 4:39:53 PM
ProviderName     : OnlineBackupAgent
Id               : 0
LevelDisplayName : Information
Message          : Service stopped successfully.

TimeCreated      : 10/7/2026 4:36:48 PM
ProviderName     : VSS
Id               : 8224
LevelDisplayName : Information
Message          : The VSS service is shutting down due to idle timeout. 

TimeCreated      : 10/7/2026 4:34:09 PM
ProviderName     : OnlineBackupServer
Id               : 0
LevelDisplayName : Information
Message          : Service started successfully.

TimeCreated      : 10/7/2026 4:34:03 PM
ProviderName     : OnlineBackupServer
Id               : 0
LevelDisplayName : Information
Message          : Service stopped successfully.

TimeCreated      : 10/7/2026 4:33:48 PM
ProviderName     : OnlineBackupAgent
Id               : 0
LevelDisplayName : Information
Message          : Service started successfully.

TimeCreated      : 10/7/2026 4:32:47 PM
ProviderName     : Application Error
Id               : 1000
LevelDisplayName : Error
Message          : Faulting application name: OnlineBackup.Client.exe, version: 0.1.31.0, time stamp: 0x83e08bc3
                   Faulting module name: KERNELBASE.dll, version: 10.0.26100.33438, time stamp: 0xace796d3
                   Exception code: 0xe0434352
                   Fault offset: 0x00000000000c75fa
                   Faulting process id: 0x1F74
                   Faulting application start time: 0x1DD56797CBCDDDB
                   Faulting application path: C:\Program Files\ITSguard Server Online\OnlineBackup.Client.exe
                   Faulting module path: C:\Windows\System32\KERNELBASE.dll
                   Report Id: fcca3077-25ed-4c54-8bac-ae1e40e15d75
                   Faulting package full name: 
                   Faulting package-relative application ID: 

TimeCreated      : 10/7/2026 4:32:47 PM
ProviderName     : .NET Runtime
Id               : 1026
LevelDisplayName : Error
Message          : Application: OnlineBackup.Client.exe
                   Framework Version: v4.0.30319
                   Description: The process was terminated due to an unhandled exception.
                   Exception Info: System.IO.FileNotFoundException
                      at OnlineBackup.ClientApp.Program.Main(System.String[])
                   
                   

TimeCreated      : 10/7/2026 4:30:01 PM
ProviderName     : Application Error
Id               : 1000
LevelDisplayName : Error
Message          : Faulting application name: OnlineBackup.Client.exe, version: 0.1.31.0, time stamp: 0x83e08bc3
                   Faulting module name: KERNELBASE.dll, version: 10.0.26100.33438, time stamp: 0xace796d3
                   Exception code: 0xe0434352
                   Fault offset: 0x00000000000c75fa
                   Faulting process id: 0x2024
                   Faulting application start time: 0x1DD56791986F4F7
                   Faulting application path: C:\Program Files\ITSguard Server Online\OnlineBackup.Client.exe
                   Faulting module path: C:\Windows\System32\KERNELBASE.dll
                   Report Id: 6b9516a8-04ca-441e-aca6-461af3790048
                   Faulting package full name: 
                   Faulting package-relative application ID: 

TimeCreated      : 10/7/2026 4:30:01 PM
ProviderName     : .NET Runtime
Id               : 1026
LevelDisplayName : Error
Message          : Application: OnlineBackup.Client.exe
                   Framework Version: v4.0.30319
                   Description: The process was terminated due to an unhandled exception.
                   Exception Info: System.IO.FileNotFoundException
                      at OnlineBackup.ClientApp.Program.Main(System.String[])
                   
                   

TimeCreated      : 10/7/2026 4:29:49 PM
ProviderName     : OnlineBackupAgent
Id               : 0
LevelDisplayName : Information
Message          : Service stopped successfully.

TimeCreated      : 10/7/2026 4:29:23 PM
ProviderName     : VSS
Id               : 8224
LevelDisplayName : Information
Message          : The VSS service is shutting down due to idle timeout. 

TimeCreated      : 10/7/2026 4:24:04 PM
ProviderName     : VSS
Id               : 8224
LevelDisplayName : Information
Message          : The VSS service is shutting down due to idle timeout. 



