

TimeCreated      : 10/7/2026 9:19:48 AM
ProviderName     : VSS
Id               : 8224
LevelDisplayName : Information
Message          : The VSS service is shutting down due to idle timeout. 

TimeCreated      : 10/7/2026 9:17:15 AM
ProviderName     : OnlineBackupAgent
Id               : 0
LevelDisplayName : Information
Message          : Service started successfully.

TimeCreated      : 10/7/2026 9:17:15 AM
ProviderName     : OnlineBackupAgent
Id               : 0
LevelDisplayName : Information
Message          : Service stopped successfully.

TimeCreated      : 10/7/2026 9:17:13 AM
ProviderName     : OnlineBackupAgent
Id               : 0
LevelDisplayName : Information
Message          : update 0.1.25 → 0.2.25: OnlineBackup.Agent.exe, OnlineBackup.Client.exe, OnlineBackup.Core.dll, 
                   version.txt

TimeCreated      : 10/7/2026 9:17:13 AM
ProviderName     : OnlineBackupAgent
Id               : 0
LevelDisplayName : Information
Message          : Service started successfully.

TimeCreated      : 10/7/2026 9:16:58 AM
ProviderName     : OnlineBackupAgent
Id               : 0
LevelDisplayName : Information
Message          : Service stopped successfully.

TimeCreated      : 10/7/2026 9:15:27 AM
ProviderName     : VSS
Id               : 8224
LevelDisplayName : Information
Message          : The VSS service is shutting down due to idle timeout. 

TimeCreated      : 10/7/2026 9:12:50 AM
ProviderName     : OnlineBackupAgent
Id               : 0
LevelDisplayName : Information
Message          : Service started successfully.

TimeCreated      : 10/7/2026 9:12:50 AM
ProviderName     : OnlineBackupAgent
Id               : 0
LevelDisplayName : Information
Message          : Service stopped successfully.

TimeCreated      : 10/7/2026 9:10:49 AM
ProviderName     : VSS
Id               : 8224
LevelDisplayName : Information
Message          : The VSS service is shutting down due to idle timeout. 

TimeCreated      : 10/7/2026 9:08:11 AM
ProviderName     : OnlineBackupServer
Id               : 0
LevelDisplayName : Information
Message          : Service started successfully.

TimeCreated      : 10/7/2026 9:08:04 AM
ProviderName     : OnlineBackupServer
Id               : 0
LevelDisplayName : Information
Message          : Service stopped successfully.

TimeCreated      : 10/7/2026 9:07:48 AM
ProviderName     : OnlineBackupAgent
Id               : 0
LevelDisplayName : Information
Message          : Service started successfully.

TimeCreated      : 10/7/2026 9:06:48 AM
ProviderName     : Application Error
Id               : 1000
LevelDisplayName : Error
Message          : Faulting application name: OnlineBackup.Client.exe, version: 0.1.25.0, time stamp: 0xf2b3471b
                   Faulting module name: KERNELBASE.dll, version: 10.0.26100.33438, time stamp: 0xace796d3
                   Exception code: 0xe0434352
                   Fault offset: 0x00000000000c75fa
                   Faulting process id: 0x1D64
                   Faulting application start time: 0x1DD563B2F00742C
                   Faulting application path: C:\Program Files\ITSguard Server Online\OnlineBackup.Client.exe
                   Faulting module path: C:\Windows\System32\KERNELBASE.dll
                   Report Id: 13da40f9-73a4-4289-81e5-74a7d84f5af1
                   Faulting package full name: 
                   Faulting package-relative application ID: 

TimeCreated      : 10/7/2026 9:06:48 AM
ProviderName     : .NET Runtime
Id               : 1026
LevelDisplayName : Error
Message          : Application: OnlineBackup.Client.exe
                   Framework Version: v4.0.30319
                   Description: The process was terminated due to an unhandled exception.
                   Exception Info: System.IO.FileNotFoundException
                      at OnlineBackup.ClientApp.Program.Main(System.String[])
                   
                   

TimeCreated      : 10/7/2026 9:04:12 AM
ProviderName     : VSS
Id               : 8224
LevelDisplayName : Information
Message          : The VSS service is shutting down due to idle timeout. 

TimeCreated      : 10/7/2026 9:03:57 AM
ProviderName     : Application Error
Id               : 1000
LevelDisplayName : Error
Message          : Faulting application name: OnlineBackup.Client.exe, version: 0.1.25.0, time stamp: 0xf2b3471b
                   Faulting module name: KERNELBASE.dll, version: 10.0.26100.33438, time stamp: 0xace796d3
                   Exception code: 0xe0434352
                   Fault offset: 0x00000000000c75fa
                   Faulting process id: 0x2238
                   Faulting application start time: 0x1DD563AC93C90EB
                   Faulting application path: C:\Program Files\ITSguard Server Online\OnlineBackup.Client.exe
                   Faulting module path: C:\Windows\System32\KERNELBASE.dll
                   Report Id: e83065b0-a0a1-4706-a777-acd1ec6a8122
                   Faulting package full name: 
                   Faulting package-relative application ID: 

TimeCreated      : 10/7/2026 9:03:57 AM
ProviderName     : .NET Runtime
Id               : 1026
LevelDisplayName : Error
Message          : Application: OnlineBackup.Client.exe
                   Framework Version: v4.0.30319
                   Description: The process was terminated due to an unhandled exception.
                   Exception Info: System.IO.FileNotFoundException
                      at OnlineBackup.ClientApp.Program.Main(System.String[])
                   
                   

TimeCreated      : 10/7/2026 9:03:45 AM
ProviderName     : OnlineBackupAgent
Id               : 0
LevelDisplayName : Information
Message          : Service stopped successfully.

TimeCreated      : 10/7/2026 8:52:19 AM
ProviderName     : VSS
Id               : 8225
LevelDisplayName : Information
Message          : The VSS service is shutting down due to shutdown event from the Service Control Manager. 



