

TimeCreated      : 10/7/2026 2:13:28 PM
ProviderName     : OnlineBackupAgent
Id               : 0
LevelDisplayName : Information
Message          : Service started successfully.

TimeCreated      : 10/7/2026 2:13:28 PM
ProviderName     : OnlineBackupAgent
Id               : 0
LevelDisplayName : Information
Message          : Service stopped successfully.

TimeCreated      : 10/7/2026 2:13:26 PM
ProviderName     : OnlineBackupAgent
Id               : 0
LevelDisplayName : Information
Message          : update 0.1.30 → 0.2.30: OnlineBackup.Agent.exe, OnlineBackup.Client.exe, OnlineBackup.Core.dll, 
                   version.txt

TimeCreated      : 10/7/2026 2:13:26 PM
ProviderName     : OnlineBackupAgent
Id               : 0
LevelDisplayName : Information
Message          : Service started successfully.

TimeCreated      : 10/7/2026 2:13:11 PM
ProviderName     : OnlineBackupAgent
Id               : 0
LevelDisplayName : Information
Message          : Service stopped successfully.

TimeCreated      : 10/7/2026 2:09:58 PM
ProviderName     : OnlineBackupAgent
Id               : 0
LevelDisplayName : Information
Message          : Service started successfully.

TimeCreated      : 10/7/2026 2:09:57 PM
ProviderName     : OnlineBackupAgent
Id               : 0
LevelDisplayName : Information
Message          : Service stopped successfully.

TimeCreated      : 10/7/2026 2:08:56 PM
ProviderName     : VSS
Id               : 8224
LevelDisplayName : Information
Message          : The VSS service is shutting down due to idle timeout. 

TimeCreated      : 10/7/2026 2:06:16 PM
ProviderName     : OnlineBackupServer
Id               : 0
LevelDisplayName : Information
Message          : Service started successfully.

TimeCreated      : 10/7/2026 2:06:10 PM
ProviderName     : OnlineBackupServer
Id               : 0
LevelDisplayName : Information
Message          : Service stopped successfully.

TimeCreated      : 10/7/2026 2:05:55 PM
ProviderName     : OnlineBackupAgent
Id               : 0
LevelDisplayName : Information
Message          : Service started successfully.

TimeCreated      : 10/7/2026 2:04:55 PM
ProviderName     : Application Error
Id               : 1000
LevelDisplayName : Error
Message          : Faulting application name: OnlineBackup.Client.exe, version: 0.1.30.0, time stamp: 0xb8c6ffde
                   Faulting module name: KERNELBASE.dll, version: 10.0.26100.33438, time stamp: 0xace796d3
                   Exception code: 0xe0434352
                   Fault offset: 0x00000000000c75fa
                   Faulting process id: 0x1B24
                   Faulting application start time: 0x1DD5664D4585368
                   Faulting application path: C:\Program Files\ITSguard Server Online\OnlineBackup.Client.exe
                   Faulting module path: C:\Windows\System32\KERNELBASE.dll
                   Report Id: 150cfb51-43fa-4105-bab9-a20e0d4b805e
                   Faulting package full name: 
                   Faulting package-relative application ID: 

TimeCreated      : 10/7/2026 2:04:55 PM
ProviderName     : .NET Runtime
Id               : 1026
LevelDisplayName : Error
Message          : Application: OnlineBackup.Client.exe
                   Framework Version: v4.0.30319
                   Description: The process was terminated due to an unhandled exception.
                   Exception Info: System.IO.FileNotFoundException
                      at OnlineBackup.ClientApp.Program.Main(System.String[])
                   
                   

TimeCreated      : 10/7/2026 2:03:25 PM
ProviderName     : VSS
Id               : 8224
LevelDisplayName : Information
Message          : The VSS service is shutting down due to idle timeout. 

TimeCreated      : 10/7/2026 2:02:19 PM
ProviderName     : Application Error
Id               : 1000
LevelDisplayName : Error
Message          : Faulting application name: OnlineBackup.Client.exe, version: 0.1.30.0, time stamp: 0xb8c6ffde
                   Faulting module name: KERNELBASE.dll, version: 10.0.26100.33438, time stamp: 0xace796d3
                   Exception code: 0xe0434352
                   Fault offset: 0x00000000000c75fa
                   Faulting process id: 0x12BC
                   Faulting application start time: 0x1DD56647788F95C
                   Faulting application path: C:\Program Files\ITSguard Server Online\OnlineBackup.Client.exe
                   Faulting module path: C:\Windows\System32\KERNELBASE.dll
                   Report Id: a8ef79cd-c8d7-4f08-94f0-d5e382357e5a
                   Faulting package full name: 
                   Faulting package-relative application ID: 

TimeCreated      : 10/7/2026 2:02:19 PM
ProviderName     : .NET Runtime
Id               : 1026
LevelDisplayName : Error
Message          : Application: OnlineBackup.Client.exe
                   Framework Version: v4.0.30319
                   Description: The process was terminated due to an unhandled exception.
                   Exception Info: System.IO.FileNotFoundException
                      at OnlineBackup.ClientApp.Program.Main(System.String[])
                   
                   

TimeCreated      : 10/7/2026 2:02:07 PM
ProviderName     : OnlineBackupAgent
Id               : 0
LevelDisplayName : Information
Message          : Service stopped successfully.

TimeCreated      : 10/7/2026 1:52:23 PM
ProviderName     : VSS
Id               : 8225
LevelDisplayName : Information
Message          : The VSS service is shutting down due to shutdown event from the Service Control Manager. 

TimeCreated      : 10/7/2026 1:49:55 PM
ProviderName     : OnlineBackupServer
Id               : 0
LevelDisplayName : Information
Message          : Service started successfully.

TimeCreated      : 10/7/2026 1:49:44 PM
ProviderName     : OnlineBackupAgent
Id               : 0
LevelDisplayName : Information
Message          : waiting: No connection to the backup server: Unable to connect to the remote server

TimeCreated      : 10/7/2026 1:47:05 PM
ProviderName     : OnlineBackupAgent
Id               : 0
LevelDisplayName : Information
Message          : QA files: the previous backup was interrupted — reported

TimeCreated      : 10/7/2026 1:47:05 PM
ProviderName     : OnlineBackupAgent
Id               : 0
LevelDisplayName : Information
Message          : Service started successfully.

TimeCreated      : 10/7/2026 1:46:26 PM
ProviderName     : VSS
Id               : 8224
LevelDisplayName : Information
Message          : The VSS service is shutting down due to idle timeout. 



