

TimeCreated      : 10/10/2026 11:56:56 AM
ProviderName     : Application Error
Id               : 1000
LevelDisplayName : Error
Message          : Faulting application name: OnlineBackup.Client.exe, version: 0.1.35.0, time stamp: 0xb5a426d9
                   Faulting module name: KERNELBASE.dll, version: 10.0.26100.33438, time stamp: 0xace796d3
                   Exception code: 0xe0434352
                   Fault offset: 0x00000000000c75fa
                   Faulting process id: 0x5DC
                   Faulting application start time: 0x1DD58AE72EC0567
                   Faulting application path: C:\Program Files\ITSguard Server Online\OnlineBackup.Client.exe
                   Faulting module path: C:\Windows\System32\KERNELBASE.dll
                   Report Id: 06862b8b-a63e-493e-8e84-c1c7b34f4cf9
                   Faulting package full name: 
                   Faulting package-relative application ID: 

TimeCreated      : 10/10/2026 11:56:56 AM
ProviderName     : .NET Runtime
Id               : 1026
LevelDisplayName : Error
Message          : Application: OnlineBackup.Client.exe
                   Framework Version: v4.0.30319
                   Description: The process was terminated due to an unhandled exception.
                   Exception Info: System.IO.FileNotFoundException
                      at OnlineBackup.ClientApp.Program.Main(System.String[])
                   
                   

TimeCreated      : 10/10/2026 11:56:48 AM
ProviderName     : OnlineBackupServer
Id               : 0
LevelDisplayName : Information
Message          : Service started successfully.

TimeCreated      : 10/10/2026 11:56:43 AM
ProviderName     : OnlineBackupServer
Id               : 0
LevelDisplayName : Information
Message          : Service stopped successfully.

TimeCreated      : 10/10/2026 11:55:51 AM
ProviderName     : VSS
Id               : 8224
LevelDisplayName : Information
Message          : The VSS service is shutting down due to idle timeout. 

TimeCreated      : 10/10/2026 11:55:38 AM
ProviderName     : Application Error
Id               : 1000
LevelDisplayName : Error
Message          : Faulting application name: OnlineBackup.Client.exe, version: 0.1.35.0, time stamp: 0xb5a426d9
                   Faulting module name: KERNELBASE.dll, version: 10.0.26100.33438, time stamp: 0xace796d3
                   Exception code: 0xe0434352
                   Fault offset: 0x00000000000c75fa
                   Faulting process id: 0x1978
                   Faulting application start time: 0x1DD58AE4441E8EA
                   Faulting application path: C:\Program Files\ITSguard Server Online\OnlineBackup.Client.exe
                   Faulting module path: C:\Windows\System32\KERNELBASE.dll
                   Report Id: d56b5a25-2bd2-4b50-8d85-c4ea8a3d0d89
                   Faulting package full name: 
                   Faulting package-relative application ID: 

TimeCreated      : 10/10/2026 11:55:38 AM
ProviderName     : .NET Runtime
Id               : 1026
LevelDisplayName : Error
Message          : Application: OnlineBackup.Client.exe
                   Framework Version: v4.0.30319
                   Description: The process was terminated due to an unhandled exception.
                   Exception Info: System.IO.FileNotFoundException
                      at OnlineBackup.ClientApp.Program.Main(System.String[])
                   
                   

TimeCreated      : 10/10/2026 11:53:03 AM
ProviderName     : Application Error
Id               : 1000
LevelDisplayName : Error
Message          : Faulting application name: OnlineBackup.Client.exe, version: 0.1.35.0, time stamp: 0xb5a426d9
                   Faulting module name: KERNELBASE.dll, version: 10.0.26100.33438, time stamp: 0xace796d3
                   Exception code: 0xe0434352
                   Fault offset: 0x00000000000c75fa
                   Faulting process id: 0x448
                   Faulting application start time: 0x1DD58ADE7F8C961
                   Faulting application path: C:\Program Files\ITSguard Server Online\OnlineBackup.Client.exe
                   Faulting module path: C:\Windows\System32\KERNELBASE.dll
                   Report Id: f1f6058f-3207-4995-88c7-74eade1b4108
                   Faulting package full name: 
                   Faulting package-relative application ID: 

TimeCreated      : 10/10/2026 11:53:03 AM
ProviderName     : .NET Runtime
Id               : 1026
LevelDisplayName : Error
Message          : Application: OnlineBackup.Client.exe
                   Framework Version: v4.0.30319
                   Description: The process was terminated due to an unhandled exception.
                   Exception Info: System.IO.FileNotFoundException
                      at OnlineBackup.ClientApp.Program.Main(System.String[])
                   
                   

TimeCreated      : 10/10/2026 11:52:52 AM
ProviderName     : OnlineBackupAgent
Id               : 0
LevelDisplayName : Information
Message          : Service stopped successfully.

TimeCreated      : 10/10/2026 11:34:47 AM
ProviderName     : VSS
Id               : 8224
LevelDisplayName : Information
Message          : The VSS service is shutting down due to idle timeout. 



