

TimeCreated      : 10/7/2026 1:10:40 PM
ProviderName     : OnlineBackupAgent
Id               : 0
LevelDisplayName : Information
Message          : Windows System State: A backup of this set is already running.

TimeCreated      : 10/7/2026 1:09:40 PM
ProviderName     : OnlineBackupAgent
Id               : 0
LevelDisplayName : Information
Message          : Windows System State: A backup of this set is already running.

TimeCreated      : 10/7/2026 1:08:40 PM
ProviderName     : OnlineBackupAgent
Id               : 0
LevelDisplayName : Information
Message          : Windows System State: A backup of this set is already running.

TimeCreated      : 10/7/2026 1:07:40 PM
ProviderName     : OnlineBackupAgent
Id               : 0
LevelDisplayName : Information
Message          : Windows System State: A backup of this set is already running.

TimeCreated      : 10/7/2026 1:06:40 PM
ProviderName     : OnlineBackupAgent
Id               : 0
LevelDisplayName : Information
Message          : Windows System State: A backup of this set is already running.

TimeCreated      : 10/7/2026 1:05:40 PM
ProviderName     : OnlineBackupAgent
Id               : 0
LevelDisplayName : Information
Message          : Windows System State: A backup of this set is already running.

TimeCreated      : 10/7/2026 1:04:40 PM
ProviderName     : OnlineBackupAgent
Id               : 0
LevelDisplayName : Information
Message          : Windows System State: A backup of this set is already running.

TimeCreated      : 10/7/2026 1:03:40 PM
ProviderName     : OnlineBackupAgent
Id               : 0
LevelDisplayName : Information
Message          : Windows System State: A backup of this set is already running.

TimeCreated      : 10/7/2026 12:51:39 PM
ProviderName     : OnlineBackupAgent
Id               : 0
LevelDisplayName : Information
Message          : Service started successfully.

TimeCreated      : 10/7/2026 12:51:39 PM
ProviderName     : OnlineBackupAgent
Id               : 0
LevelDisplayName : Information
Message          : Service stopped successfully.

TimeCreated      : 10/7/2026 12:51:37 PM
ProviderName     : OnlineBackupAgent
Id               : 0
LevelDisplayName : Information
Message          : update 0.1.28 → 0.2.28: OnlineBackup.Agent.exe, OnlineBackup.Client.exe, OnlineBackup.Core.dll, 
                   version.txt

TimeCreated      : 10/7/2026 12:51:37 PM
ProviderName     : OnlineBackupAgent
Id               : 0
LevelDisplayName : Information
Message          : Service started successfully.

TimeCreated      : 10/7/2026 12:51:22 PM
ProviderName     : OnlineBackupAgent
Id               : 0
LevelDisplayName : Information
Message          : Service stopped successfully.

TimeCreated      : 10/7/2026 12:47:29 PM
ProviderName     : OnlineBackupAgent
Id               : 0
LevelDisplayName : Information
Message          : Service started successfully.

TimeCreated      : 10/7/2026 12:47:29 PM
ProviderName     : OnlineBackupAgent
Id               : 0
LevelDisplayName : Information
Message          : Service stopped successfully.

TimeCreated      : 10/7/2026 12:45:45 PM
ProviderName     : VSS
Id               : 8224
LevelDisplayName : Information
Message          : The VSS service is shutting down due to idle timeout. 

TimeCreated      : 10/7/2026 12:43:17 PM
ProviderName     : OnlineBackupServer
Id               : 0
LevelDisplayName : Information
Message          : Service started successfully.

TimeCreated      : 10/7/2026 12:43:04 PM
ProviderName     : OnlineBackupServer
Id               : 0
LevelDisplayName : Information
Message          : Service stopped successfully.

TimeCreated      : 10/7/2026 12:42:44 PM
ProviderName     : OnlineBackupAgent
Id               : 0
LevelDisplayName : Information
Message          : Service started successfully.

TimeCreated      : 10/7/2026 12:41:44 PM
ProviderName     : Application Error
Id               : 1000
LevelDisplayName : Error
Message          : Faulting application name: OnlineBackup.Client.exe, version: 0.1.28.0, time stamp: 0xc24ccfb0
                   Faulting module name: KERNELBASE.dll, version: 10.0.26100.33438, time stamp: 0xace796d3
                   Exception code: 0xe0434352
                   Fault offset: 0x00000000000c75fa
                   Faulting process id: 0x2184
                   Faulting application start time: 0x1DD5659358533C8
                   Faulting application path: C:\Program Files\ITSguard Server Online\OnlineBackup.Client.exe
                   Faulting module path: C:\Windows\System32\KERNELBASE.dll
                   Report Id: cf47aeb4-9bab-48e4-8844-89f2f97567b1
                   Faulting package full name: 
                   Faulting package-relative application ID: 

TimeCreated      : 10/7/2026 12:41:44 PM
ProviderName     : .NET Runtime
Id               : 1026
LevelDisplayName : Error
Message          : Application: OnlineBackup.Client.exe
                   Framework Version: v4.0.30319
                   Description: The process was terminated due to an unhandled exception.
                   Exception Info: System.IO.FileNotFoundException
                      at OnlineBackup.ClientApp.Program.Main(System.String[])
                   
                   



